This is pdfTeX, Version 3.14159265-2.6-1.40.21 (MiKTeX 20.6.29) (preloaded format=latex 2021.8.9)  9 AUG 2021 17:53
entering extended mode
**\makeatletter\def\HCode{\futurelet\HCode\HChar}\def\HChar{\ifx\HCode\def\HCod
e##1{\Link##1}\expandafter\HCode\else\expandafter\Link\fi}\def\Link#1.a.b.c.{\g
@addto@macro\@documentclasshook{\RequirePackage[#1,html]{tex4ht}}\let\HCode\doc
umentstyle\def\documentstyle{\let\documentstyle\HCode\expandafter\def\csname te
x4ht\endcsname{#1,html}\def\HCode####1{\documentstyle[tex4ht,}\@ifnextchar[{\HC
ode}{\documentstyle[tex4ht]}}}\makeatother\HCode .a.b.c.\input  sample.tex
 (sample.tex
("C:\Users\Kailai Cui\AppData\Local\Programs\MiKTeX\tex/latex/base\article.cls"
Document Class: article 2019/12/20 v1.4l Standard LaTeX document class
("C:\Users\Kailai Cui\AppData\Local\Programs\MiKTeX\tex/latex/base\size12.clo"
File: size12.clo 2019/12/20 v1.4l Standard LaTeX file (size option)
)
\c@part=\count167
\c@section=\count168
\c@subsection=\count169
\c@subsubsection=\count170
\c@paragraph=\count171
\c@subparagraph=\count172
\c@figure=\count173
\c@table=\count174
\abovecaptionskip=\skip47
\belowcaptionskip=\skip48
\bibindent=\dimen134
)
("C:\Users\Kailai Cui\AppData\Local\Programs\MiKTeX\tex/generic/tex4ht\tex4ht.s
ty"
version 2019-03-18-15:24
Package: tex4ht 
--------------------------------------
--- Note --- for _ at preamble, use the command line option `early_'
--------------------------------------
--------------------------------------
--- Note --- for ^ at preamble, use the command line option `early^'
--------------------------------------
\tmp:toks=\toks15
)
("C:\Users\Kailai Cui\AppData\Local\Programs\MiKTeX\tex/generic/tex4ht\usepacka
ge.4ht"
version 2019-12-19-14:27
)
("C:\Users\Kailai Cui\AppData\Local\Programs\MiKTeX\tex/latex/amsfonts\amssymb.
sty"
Package: amssymb 2013/01/14 v3.01 AMS font symbols

("C:\Users\Kailai Cui\AppData\Local\Programs\MiKTeX\tex/latex/amsfonts\amsfonts
.sty"
Package: amsfonts 2013/01/14 v3.01 Basic AMSFonts support
\@emptytoks=\toks16
\symAMSa=\mathgroup4
\symAMSb=\mathgroup5
LaTeX Font Info:    Redeclaring math symbol \hbar on input line 98.
LaTeX Font Info:    Overwriting math alphabet `\mathfrak' in version `bold'
(Font)                  U/euf/m/n --> U/euf/b/n on input line 106.
))
("C:\Users\Kailai Cui\AppData\Local\Programs\MiKTeX\tex/latex/amscls\amsthm.sty
"
Package: amsthm 2020/05/29 v2.20.6
\thm@style=\toks17
\thm@bodyfont=\toks18
\thm@headfont=\toks19
\thm@notefont=\toks20
\thm@headpunct=\toks21
\thm@preskip=\skip49
\thm@postskip=\skip50
\thm@headsep=\skip51
\dth@everypar=\toks22
)
("C:\Users\Kailai Cui\AppData\Local\Programs\MiKTeX\tex/latex/amsmath\amsmath.s
ty"
Package: amsmath 2020/01/20 v2.17e AMS math features
\@mathmargin=\skip52

For additional information on amsmath, use the `?' option.

("C:\Users\Kailai Cui\AppData\Local\Programs\MiKTeX\tex/latex/amsmath\amstext.s
ty"
Package: amstext 2000/06/29 v2.01 AMS text

("C:\Users\Kailai Cui\AppData\Local\Programs\MiKTeX\tex/latex/amsmath\amsgen.st
y"
File: amsgen.sty 1999/11/30 v2.0 generic functions
\@emptytoks=\toks23
\ex@=\dimen135
))
("C:\Users\Kailai Cui\AppData\Local\Programs\MiKTeX\tex/latex/amsmath\amsbsy.st
y"
Package: amsbsy 1999/11/29 v1.2d Bold Symbols
\pmbraise@=\dimen136
)
("C:\Users\Kailai Cui\AppData\Local\Programs\MiKTeX\tex/latex/amsmath\amsopn.st
y"
Package: amsopn 2016/03/08 v2.02 operator names
)
\inf@bad=\count175
LaTeX Info: Redefining \frac on input line 227.
\uproot@=\count176
\leftroot@=\count177
LaTeX Info: Redefining \overline on input line 389.
\classnum@=\count178
\DOTSCASE@=\count179
LaTeX Info: Redefining \ldots on input line 486.
LaTeX Info: Redefining \dots on input line 489.
LaTeX Info: Redefining \cdots on input line 610.
\Mathstrutbox@=\box45
\strutbox@=\box46
\big@size=\dimen137
LaTeX Font Info:    Redeclaring font encoding OML on input line 733.
LaTeX Font Info:    Redeclaring font encoding OMS on input line 734.
\macc@depth=\count180
\c@MaxMatrixCols=\count181
\dotsspace@=\muskip16
\c@parentequation=\count182
\dspbrk@lvl=\count183
\tag@help=\toks24
\row@=\count184
\column@=\count185
\maxfields@=\count186
\andhelp@=\toks25
\eqnshift@=\dimen138
\alignsep@=\dimen139
\tagshift@=\dimen140
\tagwidth@=\dimen141
\totwidth@=\dimen142
\lineht@=\dimen143
\@envbody=\toks26
\multlinegap=\skip53
\multlinetaggap=\skip54
\mathdisplay@stack=\toks27
LaTeX Info: Redefining \[ on input line 2859.
LaTeX Info: Redefining \] on input line 2860.
)
("C:\Users\Kailai Cui\AppData\Local\Programs\MiKTeX\tex/generic/tex4ht\tex4ht.4
ht"
version 2018-12-30-09:29
--------------------------------------
--- Note --- for additional information, use the command line option `info'
--------------------------------------

::::::::::::::::::::::::::::::::::::::::::
 TeX4ht info is available in the log file 
::::::::::::::::::::::::::::::::::::::::::
)
("C:\Users\Kailai Cui\AppData\Local\Programs\MiKTeX\tex/generic/tex4ht\tex4ht.s
ty"
version 2019-03-18-15:24

--- needs --- tex4ht sample ---
\tmp:cnt=\count187
\openout15 = `sample.tmp'.

(sample.tmp)
\tmp:dim=\skip55
--------------------------------------
--- Note --- for XML code, use the command line option `xml' or `xhtml'
--------------------------------------
 (sample.xref)
\:refout=\write3
\openout3 = `sample.xref'.


("C:\Users\Kailai Cui\AppData\Local\Programs\MiKTeX\tex/generic/tex4ht\html4.4h
t"
version 2020-01-24-14:39
--------------------------------------
--- Note --- to remove the <?xml version=...?> processing instruction use the c
ommand line option `no-VERSION'
--------------------------------------
--------------------------------------
--- Note --- to remove the DOCTYPE declaration use the command line option `no-
DOCTYPE'
--------------------------------------
)
("C:\Users\Kailai Cui\AppData\Local\Programs\MiKTeX\tex/generic/tex4ht\html4-ma
th.4ht"
version 2019-12-16-15:21
)
--------------------------------------
--- Note --- for marking of the base font, use the command line option `fonts+'

--------------------------------------
--------------------------------------
--- Note --- for non active _, use the command line option `no_'
--------------------------------------
--------------------------------------
--- Note --- for _ of catcode 13, use the command line option `_13'
--------------------------------------
--------------------------------------
--- Note --- for non active ^, use the command line option `no^'
--------------------------------------
--------------------------------------
--- Note --- for ^ of catcode 13, use the command line option `^13'
--------------------------------------

("C:\Users\Kailai Cui\AppData\Local\Programs\MiKTeX\tex/generic/tex4ht\html4.4h
t"
version 2020-01-24-14:39
--------------------------------------
--- Note --- for alternative charset, use the command line option `charset=...'

--------------------------------------
--------------------------------------
--- Note --- to ignore CSS font decoration, use the `NoFonts' command line opti
on
--------------------------------------
--------------------------------------
--- Note --- for jpg bitmaps of pictures, use the `jpg' command line option. (C
haracter bitmaps are controled only by `g' records of tex4ht.env and `-g' switc
hes of tex4ht.c) 
--------------------------------------
--------------------------------------
--- Note --- for gif bitmaps of pictures, use the `gif' command line option. (C
haracter bitmaps are controled only by `g' records of tex4ht.env and `-g' switc
hes of tex4ht.c) 
--------------------------------------
--------------------------------------
--- Note --- for content and toc in 2 frames, use the command line option `fram
es'
--------------------------------------
--------------------------------------
--- Note --- for content, toc, and footnotes in 3 frames, use the command line 
option `frames-fn'
--------------------------------------
--------------------------------------
--- Note --- for file extension name xht, use the command line option `xht'
--------------------------------------
TeX4ht package options: html
--------------------------------------
--- Note --- To print a timestamp, use the command line option timestamp
--------------------------------------
--------------------------------------
--- Note --- to ignore CSS code, use the command line option `-css
--------------------------------------
--------------------------------------
--- Note --- for inline CSS code, use the command line option `css-in'
--------------------------------------
--------------------------------------
--- Note --- for pop ups on mouse over, use the command line option `mouseover'

--------------------------------------
--------------------------------------
--- Note --- for addressing images in a subdirectory, use the command line opti
on `imgdir:.../'
--------------------------------------
)
("C:\Users\Kailai Cui\AppData\Local\Programs\MiKTeX\tex/generic/tex4ht\html4-ma
th.4ht"
version 2019-12-16-15:21
)
\:tokwrite=\toks28
\:tokpage=\toks29
--------------------------------------
--- Note --- for back links to toc, use the command line option `sections+'
--------------------------------------
--------------------------------------
--- Note --- for linear crosslinks of pages, use the command line option `next'

--------------------------------------
\openout15 = `sample.4ct'.

\:tocout=\write4
\openout4 = `sample.4tc'.


("C:\Users\Kailai Cui\AppData\Local\Programs\MiKTeX\tex/generic/tex4ht\html4.4h
t"
version 2020-01-24-14:39
)
("C:\Users\Kailai Cui\AppData\Local\Programs\MiKTeX\tex/generic/tex4ht\html4-ma
th.4ht"
version 2019-12-16-15:21
)
("C:\Users\Kailai Cui\AppData\Local\Programs\MiKTeX\tex/generic/tex4ht\latex.4h
t"
version 2019-08-26-14:22
LaTeX Info: Redefining \_ on input line 168.
--------------------------------------
--- Note --- for links into captions, instead of float heads, use the command l
ine option `refcaption'
--------------------------------------

("C:\Users\Kailai Cui\AppData\Local\Programs\MiKTeX\tex/generic/tex4ht\html4.4h
t"
version 2020-01-24-14:39
)
("C:\Users\Kailai Cui\AppData\Local\Programs\MiKTeX\tex/generic/tex4ht\html4-ma
th.4ht"
version 2019-12-16-15:21
)
("C:\Users\Kailai Cui\AppData\Local\Programs\MiKTeX\tex/generic/tex4ht\html4.4h
t"
version 2020-01-24-14:39
--------------------------------------
--- Note --- For mini tocs immediately aftter the header use the command line o
ption `minitoc<'
--------------------------------------
--------------------------------------
--- Note --- for enumerated list elements with valued data, use the command lin
e option `enumerate+'
--------------------------------------
--------------------------------------
--- Note --- for enumerated list elements li's with value attributes, use the c
ommand line option `enumerate-'
--------------------------------------
--------------------------------------
--- Note --- for CSS2 code, use the command line option `css2'
--------------------------------------
--------------------------------------
--- Note --- for pictorial tabular, use the command line option `pic-tabular'
--------------------------------------
--------------------------------------
--- Note --- for bitmap fbox'es, use the command line option `pic-fbox'
--------------------------------------
--------------------------------------
--- Note --- for bitmap framebox'es, use the command line option `pic-framebox'

--------------------------------------
--------------------------------------
--- Note --- for inline footnotes use command line option `fn-in'
--------------------------------------
--------------------------------------
--- Note --- for tracing of latex font commands, use the command line option `f
onts'
--------------------------------------
--------------------------------------
--- Note --- for width specifications of tabular p entries, use the `p-width' c
ommand line option or a configuration similar to \Configure{HColWidth}{\HCode{ 
style="width:\HColWidth"}}
--------------------------------------
)
("C:\Users\Kailai Cui\AppData\Local\Programs\MiKTeX\tex/generic/tex4ht\html4-ma
th.4ht"
version 2019-12-16-15:21
--------------------------------------
--- Note --- for pictorial eqnarray, use the command line option `pic-eqnarray'

--------------------------------------
--------------------------------------
--- Note --- for pictorial array, use the command line option `pic-array'
--------------------------------------
--------------------------------------
--- Note --- for pictorial $...$ environments, use the command line option `pic
-m' (not recommended!!)
--------------------------------------
--------------------------------------
--- Note --- for pictorial $...$ and $$...$$ environments with latex alt, use t
he command line option `pic-m+' (not safe!!)
--------------------------------------
--------------------------------------
--- Note --- for pictorial array, use the command line option `pic-array'
--------------------------------------
))
("C:\Users\Kailai Cui\AppData\Local\Programs\MiKTeX\tex/generic/tex4ht\fontmath
.4ht"
version 2018-11-06-15:55

("C:\Users\Kailai Cui\AppData\Local\Programs\MiKTeX\tex/generic/tex4ht\html4.4h
t"
version 2020-01-24-14:39
)
("C:\Users\Kailai Cui\AppData\Local\Programs\MiKTeX\tex/generic/tex4ht\html4-ma
th.4ht"
version 2019-12-16-15:21
))
("C:\Users\Kailai Cui\AppData\Local\Programs\MiKTeX\tex/generic/tex4ht\article.
4ht"
("C:\Users\Kailai Cui\AppData\Local\Programs\MiKTeX\tex/generic/tex4ht\html4.4h
t"
version 2020-01-24-14:39
--------------------------------------
--- Note --- for automatic sectioning pagination, use the command line option `
1', `2', `3', '4', '5', '6', or '7'
--------------------------------------
--------------------------------------
--- Note --- for files named derived from section titles, use the command line 
option `sec-filename'
--------------------------------------
--------------------------------------
--- Note --- for i-columns index, use the command line option `index=i' (e.g., 
index=2)
--------------------------------------
)
("C:\Users\Kailai Cui\AppData\Local\Programs\MiKTeX\tex/generic/tex4ht\html4-ma
th.4ht"
version 2019-12-16-15:21
))
("C:\Users\Kailai Cui\AppData\Local\Programs\MiKTeX\tex/generic/tex4ht\amssymb.
4ht"
version 2009-05-21-09:32

("C:\Users\Kailai Cui\AppData\Local\Programs\MiKTeX\tex/generic/tex4ht\html4.4h
t"
version 2020-01-24-14:39
)
("C:\Users\Kailai Cui\AppData\Local\Programs\MiKTeX\tex/generic/tex4ht\html4-ma
th.4ht"
version 2019-12-16-15:21
))
("C:\Users\Kailai Cui\AppData\Local\Programs\MiKTeX\tex/generic/tex4ht\amsfonts
.4ht"
version 2009-05-21-09:32

("C:\Users\Kailai Cui\AppData\Local\Programs\MiKTeX\tex/generic/tex4ht\html4.4h
t"
version 2020-01-24-14:39
)
("C:\Users\Kailai Cui\AppData\Local\Programs\MiKTeX\tex/generic/tex4ht\html4-ma
th.4ht"
version 2019-12-16-15:21
))
("C:\Users\Kailai Cui\AppData\Local\Programs\MiKTeX\tex/generic/tex4ht\amsthm.4
ht"
version 2009-05-21-09:32

("C:\Users\Kailai Cui\AppData\Local\Programs\MiKTeX\tex/generic/tex4ht\html4.4h
t"
version 2020-01-24-14:39
)
("C:\Users\Kailai Cui\AppData\Local\Programs\MiKTeX\tex/generic/tex4ht\html4-ma
th.4ht"
version 2019-12-16-15:21
))
("C:\Users\Kailai Cui\AppData\Local\Programs\MiKTeX\tex/generic/tex4ht\amsmath.
4ht"
version 2019-12-29-14:17
\tmp:muskip=\muskip17

("C:\Users\Kailai Cui\AppData\Local\Programs\MiKTeX\tex/generic/tex4ht\html4.4h
t"
version 2020-01-24-14:39
)
("C:\Users\Kailai Cui\AppData\Local\Programs\MiKTeX\tex/generic/tex4ht\html4-ma
th.4ht"
version 2019-12-16-15:21
))
("C:\Users\Kailai Cui\AppData\Local\Programs\MiKTeX\tex/generic/tex4ht\amstext.
4ht"
version 2009-05-21-09:32

("C:\Users\Kailai Cui\AppData\Local\Programs\MiKTeX\tex/generic/tex4ht\html4.4h
t"
version 2020-01-24-14:39
)
("C:\Users\Kailai Cui\AppData\Local\Programs\MiKTeX\tex/generic/tex4ht\html4-ma
th.4ht"
version 2019-12-16-15:21
))
("C:\Users\Kailai Cui\AppData\Local\Programs\MiKTeX\tex/generic/tex4ht\amsbsy.4
ht"
version 2009-05-21-09:32

("C:\Users\Kailai Cui\AppData\Local\Programs\MiKTeX\tex/generic/tex4ht\html4.4h
t"
version 2020-01-24-14:39
)
("C:\Users\Kailai Cui\AppData\Local\Programs\MiKTeX\tex/generic/tex4ht\html4-ma
th.4ht"
version 2019-12-16-15:21
))
("C:\Users\Kailai Cui\AppData\Local\Programs\MiKTeX\tex/generic/tex4ht\amsopn.4
ht"
version 2009-05-21-09:32

("C:\Users\Kailai Cui\AppData\Local\Programs\MiKTeX\tex/generic/tex4ht\html4.4h
t"
version 2020-01-24-14:39
)
("C:\Users\Kailai Cui\AppData\Local\Programs\MiKTeX\tex/generic/tex4ht\html4-ma
th.4ht"
version 2019-12-16-15:21
))
("C:\Users\Kailai Cui\AppData\Local\Programs\MiKTeX\tex/generic/tex4ht\html4.4h
t"
version 2020-01-24-14:39
)
("C:\Users\Kailai Cui\AppData\Local\Programs\MiKTeX\tex/generic/tex4ht\html4-ma
th.4ht"
version 2019-12-16-15:21
))
("C:\Users\Kailai Cui\AppData\Local\Programs\MiKTeX\tex/latex/l3backend\l3backe
nd-dvips.def"
File: l3backend-dvips.def 2020-06-29 L3 backend support: dvips
\l__pdf_internal_box=\box47
\g__pdf_backend_object_int=\count188
\l__pdf_backend_content_box=\box48
\l__pdf_backend_model_box=\box49
\g__pdf_backend_annotation_int=\count189
\g__pdf_backend_link_int=\count190
\g__pdf_backend_link_sf_int=\count191
) (sample.aux)
\openout1 = `sample.aux'.

LaTeX Font Info:    Checking defaults for OML/cmm/m/it on input line 25.
LaTeX Font Info:    ... okay on input line 25.
LaTeX Font Info:    Checking defaults for OMS/cmsy/m/n on input line 25.
LaTeX Font Info:    ... okay on input line 25.
LaTeX Font Info:    Checking defaults for OT1/cmr/m/n on input line 25.
LaTeX Font Info:    ... okay on input line 25.
LaTeX Font Info:    Checking defaults for T1/cmr/m/n on input line 25.
LaTeX Font Info:    ... okay on input line 25.
LaTeX Font Info:    Checking defaults for TS1/cmr/m/n on input line 25.
LaTeX Font Info:    ... okay on input line 25.
LaTeX Font Info:    Checking defaults for OMX/cmex/m/n on input line 25.
LaTeX Font Info:    ... okay on input line 25.
LaTeX Font Info:    Checking defaults for U/cmr/m/n on input line 25.
LaTeX Font Info:    ... okay on input line 25.
--- file sample.css ---
 [1

] (sample.aux) ) 
Here is how much of TeX's memory you used:
 5348 strings out of 480791
 64192 string characters out of 2894949
 425469 words of memory out of 3000000
 21311 multiletter control sequences out of 15000+200000
 532943 words of font info for 26 fonts, out of 3000000 for 9000
 1141 hyphenation exceptions out of 8191
 33i,4n,37p,773b,465s stack positions out of 5000i,500n,10000p,200000b,50000s

Output written on sample.dvi (1 page, 10308 bytes).
